<?xml version="1.0" encoding="UTF-8"?>
<!-- Generated by org.testng.reporters.JUnitReportReporter -->
<testsuite hostname="DESKTOP-OCT0TNQ" failures="0" tests="9" name="rest_assured.resttestcasess$JsonPlaceholderTest" time="10.006" errors="0" timestamp="2024-08-04T18:08:23 EEST" skipped="0">
  <testcase classname="rest_assured.resttestcasess$JsonPlaceholderTest" name="testValidatePostsForUser" time="0.315"/>
  <system-out/>
  <testcase classname="rest_assured.resttestcasess$JsonPlaceholderTest" name="testGetPostById" time="0.275"/>
  <system-out/>
  <testcase classname="rest_assured.resttestcasess$JsonPlaceholderTest" name="testInvalidUserIDForPosts" time="0.527"/>
  <system-out/>
  <testcase classname="rest_assured.resttestcasess$JsonPlaceholderTest" name="testGetListOfUsers" time="0.329"/>
  <system-out/>
  <testcase classname="rest_assured.resttestcasess$JsonPlaceholderTest" name="testValidateNameUsernameEmailForUser" time="0.312"/>
  <system-out/>
  <testcase classname="rest_assured.resttestcasess$JsonPlaceholderTest" name="testGetSingleUser" time="0.305"/>
  <system-out/>
  <testcase classname="rest_assured.resttestcasess$JsonPlaceholderTest" name="testInvalidUserID" time="0.548"/>
  <system-out/>
  <testcase classname="rest_assured.resttestcasess$JsonPlaceholderTest" name="testGetListOfPosts" time="6.842"/>
  <system-out/>
  <testcase classname="rest_assured.resttestcasess$JsonPlaceholderTest" name="testInvalidPostID" time="0.553"/>
  <system-out/>
</testsuite> <!-- rest_assured.resttestcasess$JsonPlaceholderTest -->
