<?xml version="1.0" encoding="UTF-8"?>
<!-- Generated by org.testng.reporters.JUnitReportReporter -->
<testsuite hostname="DESKTOP-OCT0TNQ" failures="0" tests="2" name="rest_assured.UserCreationExample" time="3.092" errors="0" timestamp="2024-09-06T01:48:50 EEST" skipped="0">
  <testcase classname="rest_assured.UserCreationExample" name="createUserTest" time="2.619"/>
  <system-out/>
  <testcase classname="rest_assured.UserCreationExample" name="createUserTest" time="0.473"/>
  <system-out/>
</testsuite> <!-- rest_assured.UserCreationExample -->
